<?xml version="1.0" encoding="UTF-8"?>
<!-- Generated by org.testng.reporters.JUnitXMLReporter -->
<testsuite hostname="DESKTOP-PPOG0J8" ignored="0" name="Run on FIREFOX" tests="2" failures="0" timestamp="25 Feb 2021 07:15:51 GMT" time="15.335" errors="0">
  <testcase name="Login_01_Register_To_System" time="8.756" classname="com.nopcommerce.login.Level_03_Register_Login_Page_Object"/>
  <testcase name="Login_02_Login_To_System" time="2.224" classname="com.nopcommerce.login.Level_03_Register_Login_Page_Object"/>
</testsuite> <!-- Run on FIREFOX -->
