<?xml version="1.0" encoding="UTF-8"?>
<!-- Generated by org.testng.reporters.JUnitReportReporter -->
<testsuite skipped="0" hostname="DESKTOP-PPOG0J8" name="com.bankguru.login.Level_01_Register_Login_Repeat_Yoursefl" tests="2" failures="0" timestamp="12 Feb 2021 15:43:23 GMT" time="10.783" errors="0">
  <testcase name="Login_01_Register_To_System" time="5.186" classname="com.bankguru.login.Level_01_Register_Login_Repeat_Yoursefl"/>
  <testcase name="Login_02_Login_To_System" time="5.597" classname="com.bankguru.login.Level_01_Register_Login_Repeat_Yoursefl"/>
</testsuite> <!-- com.bankguru.login.Level_01_Register_Login_Repeat_Yoursefl -->
