<?xml version="1.0" encoding="UTF-8"?>
<!-- Generated by org.testng.reporters.JUnitReportReporter -->
<testsuite skipped="0" hostname="DESKTOP-PPOG0J8" name="com.bankguru.login.Level_02_Register_Login_BasePage_1" tests="2" failures="0" timestamp="12 Feb 2021 15:43:23 GMT" time="13.972" errors="0">
  <testcase name="Login_02_Login_To_System" time="6.485" classname="com.bankguru.login.Level_02_Register_Login_BasePage_1"/>
  <testcase name="Login_01_Register_To_System" time="7.487" classname="com.bankguru.login.Level_02_Register_Login_BasePage_1"/>
</testsuite> <!-- com.bankguru.login.Level_02_Register_Login_BasePage_1 -->
