<?xml version="1.0" encoding="UTF-8"?>
<!-- Generated by org.testng.reporters.JUnitReportReporter -->
<testsuite skipped="0" hostname="DESKTOP-PPOG0J8" name="com.liveguru.login.Level_03_Register_Login_Page_Object" tests="6" failures="0" timestamp="25 Feb 2021 08:36:03 GMT" time="31.477" errors="0">
  <testcase name="Login_06_Valid_Email_And_Password" time="6.711" classname="com.liveguru.login.Level_03_Register_Login_Page_Object"/>
  <testcase name="Login_01_Empty_Email_And_Password" time="5.325" classname="com.liveguru.login.Level_03_Register_Login_Page_Object"/>
  <testcase name="Login_03_Invalid_Password" time="4.219" classname="com.liveguru.login.Level_03_Register_Login_Page_Object"/>
  <testcase name="Login_05_Incorrect_Password" time="5.710" classname="com.liveguru.login.Level_03_Register_Login_Page_Object"/>
  <testcase name="Login_04_Incorrect_Email" time="5.331" classname="com.liveguru.login.Level_03_Register_Login_Page_Object"/>
  <testcase name="Login_02_Invalid_Email" time="4.181" classname="com.liveguru.login.Level_03_Register_Login_Page_Object"/>
</testsuite> <!-- com.liveguru.login.Level_03_Register_Login_Page_Object -->
