<?xml version="1.0" encoding="UTF-8"?>
<!-- Generated by org.testng.reporters.JUnitReportReporter -->
<testsuite skipped="0" hostname="DESKTOP-PPOG0J8" name="com.nopcommerce.login.My_Account_Page" tests="2" failures="0" timestamp="17 Mar 2021 09:33:16 GMT" time="10.316" errors="0">
  <testcase name="My_Account_01_Update_Customer_Info" time="7.734" classname="com.nopcommerce.login.My_Account_Page"/>
  <testcase name="My_Account_02_Add_Address" time="2.582" classname="com.nopcommerce.login.My_Account_Page"/>
</testsuite> <!-- com.nopcommerce.login.My_Account_Page -->
