<?xml version="1.0" encoding="UTF-8"?>
<!-- Generated by org.testng.reporters.JUnitReportReporter -->
<testsuite skipped="0" hostname="DESKTOP-PPOG0J8" name="com.nopcommerce.login.Level_03_Register_Login_Page_Object" tests="2" failures="0" timestamp="04 Mar 2021 09:44:25 GMT" time="10.516" errors="0">
  <testcase name="Login_01_Register_To_System" time="7.051" classname="com.nopcommerce.login.Level_03_Register_Login_Page_Object"/>
  <testcase name="Login_02_Login_To_System" time="3.465" classname="com.nopcommerce.login.Level_03_Register_Login_Page_Object"/>
</testsuite> <!-- com.nopcommerce.login.Level_03_Register_Login_Page_Object -->
